<?xml version="1.0" encoding="UTF-8"?>
<!-- Generated by org.testng.reporters.JUnitReportReporter -->
<testsuite hostname="WIN-0THT6T3VCLL" failures="0" tests="20" name="calc.TestNGRectangleTest" time="0.002" errors="0" timestamp="2024-12-16T23:18:51 MSK" skipped="0">
  <testcase classname="calc.TestNGRectangleTest" name="getDoubleWidth" time="0.000"/>
  <testcase classname="calc.TestNGRectangleTest" name="setPositiveWidth" time="0.000"/>
  <testcase classname="calc.TestNGRectangleTest" name="getAreaWithNegativeNums" time="0.000"/>
  <testcase classname="calc.TestNGRectangleTest" name="setNegativeLength" time="0.001"/>
  <testcase classname="calc.TestNGRectangleTest" name="getAreaWithZeroNums" time="0.000"/>
  <testcase classname="calc.TestNGRectangleTest" name="setDoubleWidth" time="0.000"/>
  <testcase classname="calc.TestNGRectangleTest" name="setZeroLength" time="0.000"/>
  <testcase classname="calc.TestNGRectangleTest" name="setNegativeWidth" time="0.000"/>
  <testcase classname="calc.TestNGRectangleTest" name="setPositiveLength" time="0.000"/>
  <testcase classname="calc.TestNGRectangleTest" name="getPositiveWidth" time="0.000"/>
  <testcase classname="calc.TestNGRectangleTest" name="setDoubleLength" time="0.000"/>
  <testcase classname="calc.TestNGRectangleTest" name="setZeroWidth" time="0.000"/>
  <testcase classname="calc.TestNGRectangleTest" name="getNegativeWidth" time="0.000"/>
  <testcase classname="calc.TestNGRectangleTest" name="getAreaWithDoubleNums" time="0.001"/>
  <testcase classname="calc.TestNGRectangleTest" name="getNegativeLength" time="0.000"/>
  <testcase classname="calc.TestNGRectangleTest" name="getAreaWithPositiveNums" time="0.000"/>
  <testcase classname="calc.TestNGRectangleTest" name="getDoubleLength" time="0.000"/>
  <testcase classname="calc.TestNGRectangleTest" name="getAreaWithSecondNegativeNum" time="0.000"/>
  <testcase classname="calc.TestNGRectangleTest" name="getAreaWithFirsNegativeNum" time="0.000"/>
  <testcase classname="calc.TestNGRectangleTest" name="getPositiveLength" time="0.000"/>
</testsuite> <!-- calc.TestNGRectangleTest -->
