<?xml version="1.0" encoding="UTF-8"?>
<!-- Generated by org.testng.reporters.JUnitReportReporter -->
<testsuite hostname="WIN-0THT6T3VCLL" failures="0" tests="12" name="testNG.calc.CalculatorTest" time="0.037" errors="0" timestamp="2024-12-14T00:00:12 MSK" skipped="0">
  <testcase classname="testNG.calc.CalculatorTest" name="negativeMultiplyPositive" time="0.000"/>
  <testcase classname="testNG.calc.CalculatorTest" name="positiveNumsSum" time="0.002"/>
  <testcase classname="testNG.calc.CalculatorTest" name="negativeNumsSubtract" time="0.002"/>
  <testcase classname="testNG.calc.CalculatorTest" name="divideByZero" time="0.024"/>
  <testcase classname="testNG.calc.CalculatorTest" name="positiveMultiplyNegative" time="0.000"/>
  <testcase classname="testNG.calc.CalculatorTest" name="negativeNumsSum" time="0.001"/>
  <testcase classname="testNG.calc.CalculatorTest" name="positiveNumsMultiply" time="0.001"/>
  <testcase classname="testNG.calc.CalculatorTest" name="positiveNumsDivide" time="0.001"/>
  <testcase classname="testNG.calc.CalculatorTest" name="dotResultAfterDivide" time="0.004"/>
  <testcase classname="testNG.calc.CalculatorTest" name="positiveNumsSubtract" time="0.000"/>
  <testcase classname="testNG.calc.CalculatorTest" name="negativeDividePositive" time="0.001"/>
  <testcase classname="testNG.calc.CalculatorTest" name="positiveDivideNegative" time="0.001"/>
</testsuite> <!-- testNG.calc.CalculatorTest -->
