<?xml version="1.0" encoding="UTF-8"?>
<!-- Generated by org.testng.reporters.JUnitReportReporter -->
<testsuite hostname="WIN-0THT6T3VCLL" failures="0" tests="12" name="calc.TestNGCalculatorTest" time="0.013" errors="0" timestamp="2024-12-16T23:18:51 MSK" skipped="0">
  <testcase classname="calc.TestNGCalculatorTest" name="dotResultAfterDivide" time="0.001"/>
  <testcase classname="calc.TestNGCalculatorTest" name="positiveDivideNegative" time="0.001"/>
  <testcase classname="calc.TestNGCalculatorTest" name="positiveNumsSubtract" time="0.000"/>
  <testcase classname="calc.TestNGCalculatorTest" name="negativeNumsSubtract" time="0.000"/>
  <testcase classname="calc.TestNGCalculatorTest" name="negativeMultiplyPositive" time="0.001"/>
  <testcase classname="calc.TestNGCalculatorTest" name="negativeDividePositive" time="0.001"/>
  <testcase classname="calc.TestNGCalculatorTest" name="positiveNumsSum" time="0.000"/>
  <testcase classname="calc.TestNGCalculatorTest" name="positiveMultiplyNegative" time="0.000"/>
  <testcase classname="calc.TestNGCalculatorTest" name="divideByZero" time="0.009"/>
  <testcase classname="calc.TestNGCalculatorTest" name="positiveNumsDivide" time="0.000"/>
  <testcase classname="calc.TestNGCalculatorTest" name="negativeNumsSum" time="0.000"/>
  <testcase classname="calc.TestNGCalculatorTest" name="positiveNumsMultiply" time="0.000"/>
</testsuite> <!-- calc.TestNGCalculatorTest -->
