<?xml version="1.0" encoding="UTF-8"?>
<!-- Generated by org.testng.reporters.JUnitReportReporter -->
<testsuite hostname="WIN-0THT6T3VCLL" failures="0" tests="4" name="people.TestNGgetSkillTest" time="0.003" errors="0" timestamp="2024-12-16T23:18:51 MSK" skipped="0">
  <testcase classname="people.TestNGgetSkillTest" name="skillTestAQA" time="0.001"/>
  <testcase classname="people.TestNGgetSkillTest" name="skillTestQA" time="0.000"/>
  <testcase classname="people.TestNGgetSkillTest" name="skillTestAQA" time="0.001"/>
  <testcase classname="people.TestNGgetSkillTest" name="skillTestQA" time="0.001"/>
</testsuite> <!-- people.TestNGgetSkillTest -->
