<?xml version="1.0" encoding="UTF-8"?>
<!-- Generated by org.testng.reporters.JUnitReportReporter -->
<testsuite hostname="WIN-0THT6T3VCLL" failures="0" tests="5" name="calc.TestNGEvenOddCheckerTest" time="0.001" errors="0" timestamp="2024-12-16T23:18:51 MSK" skipped="0">
  <testcase classname="calc.TestNGEvenOddCheckerTest" name="checkConsoleText" time="0.001"/>
  <testcase classname="calc.TestNGEvenOddCheckerTest" name="oddCheck" time="0.000"/>
  <testcase classname="calc.TestNGEvenOddCheckerTest" name="evenCheck" time="0.000"/>
  <testcase classname="calc.TestNGEvenOddCheckerTest" name="checkOddConsoleText" time="0.000"/>
  <testcase classname="calc.TestNGEvenOddCheckerTest" name="checkEvenConsoleText" time="0.000"/>
</testsuite> <!-- calc.TestNGEvenOddCheckerTest -->
