<?xml version="1.0" encoding="UTF-8"?>
<!-- Generated by org.testng.reporters.JUnitReportReporter -->
<testsuite hostname="WIN-0THT6T3VCLL" failures="0" tests="12" name="people.TestNGnotRelevantAgeTest" time="0.002" errors="0" timestamp="2024-12-16T23:18:51 MSK" skipped="0">
  <testcase classname="people.TestNGnotRelevantAgeTest" name="setNotRelevantAgeToConstructorAQA" time="0.000"/>
  <testcase classname="people.TestNGnotRelevantAgeTest" name="setNotRelevantAgeToSetterQA" time="0.000"/>
  <testcase classname="people.TestNGnotRelevantAgeTest" name="setNotRelevantAgeToSetterAQA" time="0.000"/>
  <testcase classname="people.TestNGnotRelevantAgeTest" name="setNotRelevantAgeToSetterAQA" time="0.000"/>
  <testcase classname="people.TestNGnotRelevantAgeTest" name="setNotRelevantAgeToSetterQA" time="0.001"/>
  <testcase classname="people.TestNGnotRelevantAgeTest" name="setNotRelevantAgeToConstructorAQA" time="0.000"/>
  <testcase classname="people.TestNGnotRelevantAgeTest" name="setNotRelevantAgeToConstructorQA" time="0.000"/>
  <testcase classname="people.TestNGnotRelevantAgeTest" name="setNotRelevantAgeToConstructorAQA" time="0.000"/>
  <testcase classname="people.TestNGnotRelevantAgeTest" name="setNotRelevantAgeToConstructorQA" time="0.000"/>
  <testcase classname="people.TestNGnotRelevantAgeTest" name="setNotRelevantAgeToConstructorQA" time="0.000"/>
  <testcase classname="people.TestNGnotRelevantAgeTest" name="setNotRelevantAgeToSetterQA" time="0.000"/>
  <testcase classname="people.TestNGnotRelevantAgeTest" name="setNotRelevantAgeToSetterAQA" time="0.001"/>
</testsuite> <!-- people.TestNGnotRelevantAgeTest -->
