<?xml version="1.0" encoding="UTF-8"?>
<testsuite xmlns:xsi="http://www.w3.org/2001/XMLSchema-instance" xsi:noNamespaceSchemaLocation="https://maven.apache.org/surefire/maven-surefire-plugin/xsd/surefire-test-report.xsd" version="3.0.2" name="TestSuite" time="0.471" tests="53" errors="0" skipped="0" failures="0">
  <properties>
    <property name="java.specification.version" value="21"/>
    <property name="sun.cpu.isalist" value="amd64"/>
    <property name="sun.jnu.encoding" value="Cp1251"/>
    <property name="java.class.path" value="C:\Repo\UnitTestsDummy\target\test-classes;C:\Repo\UnitTestsDummy\target\classes;C:\Users\user\.m2\repository\junit\junit\4.13.2\junit-4.13.2.jar;C:\Users\user\.m2\repository\org\hamcrest\hamcrest-core\1.3\hamcrest-core-1.3.jar;C:\Users\user\.m2\repository\org\testng\testng\7.10.2\testng-7.10.2.jar;C:\Users\user\.m2\repository\org\slf4j\slf4j-api\1.7.36\slf4j-api-1.7.36.jar;C:\Users\user\.m2\repository\com\beust\jcommander\1.82\jcommander-1.82.jar;C:\Users\user\.m2\repository\org\webjars\jquery\3.7.1\jquery-3.7.1.jar;C:\Users\user\.m2\repository\org\apache\maven\plugins\maven-surefire-plugin\3.5.2\maven-surefire-plugin-3.5.2.jar;C:\Users\user\.m2\repository\org\apache\maven\surefire\surefire-api\3.5.2\surefire-api-3.5.2.jar;C:\Users\user\.m2\repository\org\apache\maven\surefire\surefire-logger-api\3.5.2\surefire-logger-api-3.5.2.jar;C:\Users\user\.m2\repository\org\apache\maven\surefire\surefire-shared-utils\3.5.2\surefire-shared-utils-3.5.2.jar;C:\Users\user\.m2\repository\org\apache\maven\surefire\surefire-extensions-api\3.5.2\surefire-extensions-api-3.5.2.jar;C:\Users\user\.m2\repository\org\apache\maven\surefire\maven-surefire-common\3.5.2\maven-surefire-common-3.5.2.jar;C:\Users\user\.m2\repository\org\apache\maven\surefire\surefire-booter\3.5.2\surefire-booter-3.5.2.jar;C:\Users\user\.m2\repository\org\apache\maven\surefire\surefire-extensions-spi\3.5.2\surefire-extensions-spi-3.5.2.jar;C:\Users\user\.m2\repository\org\apache\maven\resolver\maven-resolver-util\1.4.1\maven-resolver-util-1.4.1.jar;C:\Users\user\.m2\repository\org\apache\maven\resolver\maven-resolver-api\1.4.1\maven-resolver-api-1.4.1.jar;C:\Users\user\.m2\repository\org\apache\maven\shared\maven-common-artifact-filters\3.4.0\maven-common-artifact-filters-3.4.0.jar;C:\Users\user\.m2\repository\org\codehaus\plexus\plexus-java\1.3.0\plexus-java-1.3.0.jar;C:\Users\user\.m2\repository\org\ow2\asm\asm\9.7\asm-9.7.jar;C:\Users\user\.m2\repository\com\thoughtworks\qdox\qdox\2.1.0\qdox-2.1.0.jar;C:\Users\user\.m2\repository\javassist\javassist\3.12.1.GA\javassist-3.12.1.GA.jar;"/>
    <property name="java.vm.vendor" value="Oracle Corporation"/>
    <property name="sun.arch.data.model" value="64"/>
    <property name="user.variant" value=""/>
    <property name="java.vendor.url" value="https://java.oracle.com/"/>
    <property name="user.timezone" value="Europe/Minsk"/>
    <property name="os.name" value="Windows 10"/>
    <property name="java.vm.specification.version" value="21"/>
    <property name="sun.java.launcher" value="SUN_STANDARD"/>
    <property name="user.country" value="RU"/>
    <property name="sun.boot.library.path" value="C:\JDK\jdk-21.0.2\bin"/>
    <property name="sun.java.command" value="C:\Users\user\AppData\Local\Temp\surefire3172733166637332295\surefirebooter-20241216231850830_3.jar C:\Users\user\AppData\Local\Temp\surefire3172733166637332295 2024-12-16T23-18-50_731-jvmRun1 surefire-20241216231850830_1tmp surefire_0-20241216231850830_2tmp"/>
    <property name="jdk.debug" value="release"/>
    <property name="surefire.test.class.path" value="C:\Repo\UnitTestsDummy\target\test-classes;C:\Repo\UnitTestsDummy\target\classes;C:\Users\user\.m2\repository\junit\junit\4.13.2\junit-4.13.2.jar;C:\Users\user\.m2\repository\org\hamcrest\hamcrest-core\1.3\hamcrest-core-1.3.jar;C:\Users\user\.m2\repository\org\testng\testng\7.10.2\testng-7.10.2.jar;C:\Users\user\.m2\repository\org\slf4j\slf4j-api\1.7.36\slf4j-api-1.7.36.jar;C:\Users\user\.m2\repository\com\beust\jcommander\1.82\jcommander-1.82.jar;C:\Users\user\.m2\repository\org\webjars\jquery\3.7.1\jquery-3.7.1.jar;C:\Users\user\.m2\repository\org\apache\maven\plugins\maven-surefire-plugin\3.5.2\maven-surefire-plugin-3.5.2.jar;C:\Users\user\.m2\repository\org\apache\maven\surefire\surefire-api\3.5.2\surefire-api-3.5.2.jar;C:\Users\user\.m2\repository\org\apache\maven\surefire\surefire-logger-api\3.5.2\surefire-logger-api-3.5.2.jar;C:\Users\user\.m2\repository\org\apache\maven\surefire\surefire-shared-utils\3.5.2\surefire-shared-utils-3.5.2.jar;C:\Users\user\.m2\repository\org\apache\maven\surefire\surefire-extensions-api\3.5.2\surefire-extensions-api-3.5.2.jar;C:\Users\user\.m2\repository\org\apache\maven\surefire\maven-surefire-common\3.5.2\maven-surefire-common-3.5.2.jar;C:\Users\user\.m2\repository\org\apache\maven\surefire\surefire-booter\3.5.2\surefire-booter-3.5.2.jar;C:\Users\user\.m2\repository\org\apache\maven\surefire\surefire-extensions-spi\3.5.2\surefire-extensions-spi-3.5.2.jar;C:\Users\user\.m2\repository\org\apache\maven\resolver\maven-resolver-util\1.4.1\maven-resolver-util-1.4.1.jar;C:\Users\user\.m2\repository\org\apache\maven\resolver\maven-resolver-api\1.4.1\maven-resolver-api-1.4.1.jar;C:\Users\user\.m2\repository\org\apache\maven\shared\maven-common-artifact-filters\3.4.0\maven-common-artifact-filters-3.4.0.jar;C:\Users\user\.m2\repository\org\codehaus\plexus\plexus-java\1.3.0\plexus-java-1.3.0.jar;C:\Users\user\.m2\repository\org\ow2\asm\asm\9.7\asm-9.7.jar;C:\Users\user\.m2\repository\com\thoughtworks\qdox\qdox\2.1.0\qdox-2.1.0.jar;C:\Users\user\.m2\repository\javassist\javassist\3.12.1.GA\javassist-3.12.1.GA.jar;"/>
    <property name="sun.cpu.endian" value="little"/>
    <property name="user.home" value="C:\Users\user"/>
    <property name="user.language" value="ru"/>
    <property name="java.specification.vendor" value="Oracle Corporation"/>
    <property name="java.version.date" value="2024-01-16"/>
    <property name="java.home" value="C:\JDK\jdk-21.0.2"/>
    <property name="file.separator" value="\"/>
    <property name="basedir" value="C:\Repo\UnitTestsDummy"/>
    <property name="java.vm.compressedOopsMode" value="32-bit"/>
    <property name="line.separator" value="&#10;"/>
    <property name="java.vm.specification.vendor" value="Oracle Corporation"/>
    <property name="java.specification.name" value="Java Platform API Specification"/>
    <property name="surefire.real.class.path" value="C:\Users\user\AppData\Local\Temp\surefire3172733166637332295\surefirebooter-20241216231850830_3.jar"/>
    <property name="user.script" value=""/>
    <property name="sun.management.compiler" value="HotSpot 64-Bit Tiered Compilers"/>
    <property name="java.runtime.version" value="21.0.2+13-58"/>
    <property name="user.name" value="user"/>
    <property name="stdout.encoding" value="Cp1251"/>
    <property name="path.separator" value=";"/>
    <property name="os.version" value="10.0"/>
    <property name="java.runtime.name" value="OpenJDK Runtime Environment"/>
    <property name="file.encoding" value="UTF-8"/>
    <property name="java.vm.name" value="OpenJDK 64-Bit Server VM"/>
    <property name="localRepository" value="C:\Users\user\.m2\repository"/>
    <property name="java.vendor.url.bug" value="https://bugreport.java.com/bugreport/"/>
    <property name="java.io.tmpdir" value="C:\Users\user\AppData\Local\Temp\"/>
    <property name="java.version" value="21.0.2"/>
    <property name="user.dir" value="C:\Repo\UnitTestsDummy"/>
    <property name="os.arch" value="amd64"/>
    <property name="java.vm.specification.name" value="Java Virtual Machine Specification"/>
    <property name="sun.os.patch.level" value=""/>
    <property name="native.encoding" value="Cp1251"/>
    <property name="java.library.path" value="C:\JDK\jdk-21.0.2\bin;C:\Windows\Sun\Java\bin;C:\Windows\system32;C:\Windows;C:\Windows\system32;C:\Windows;C:\Windows\System32\Wbem;C:\Windows\System32\WindowsPowerShell\v1.0\;C:\Windows\System32\OpenSSH\;C:\Program Files\OpenSSL-Win64\bin;C:\JDK\jdk-21.0.2\bin;C:\Program Files\Unity\Hub\Editor\2022.3.20f1\Editor\Data\PlaybackEngines\AndroidPlayer\OpenJDK\bin;C:\JDK\jdk-21.0.2\bin;C:\Program Files\apache-maven-3.9.9\bin;C:\Gradle\gradle-7.4\bin;C:\Program Files\JetBrains\IntelliJ IDEA Community Edition 2024.2.3\bin;C:\Program Files\Git\cmd;C:\Users\user\AppData\Local\Microsoft\WindowsApps;C:\Program Files\JetBrains Rider 2023.2.2\bin;;C:\Program Files\Git\cmd;C:\Program Files\Unity\Hub\Editor\2022.3.20f1\Editor\Data\PlaybackEngines\AndroidPlayer\OpenJDK\bin;C:\Program Files\Java\jdk-22\bin;C:\Program Files\OpenSSL-Win64\bin;C:\Program Files\apache-maven-3.9.9\bin;C:\Program Files\JetBrains\IntelliJ IDEA 2024.2.3\bin;;C:\Program Files\JetBrains\IntelliJ IDEA Community Edition 2024.2.3\bin;;."/>
    <property name="java.vm.info" value="mixed mode, sharing"/>
    <property name="stderr.encoding" value="Cp1251"/>
    <property name="java.vendor" value="Oracle Corporation"/>
    <property name="java.vm.version" value="21.0.2+13-58"/>
    <property name="sun.io.unicode.encoding" value="UnicodeLittle"/>
    <property name="java.class.version" value="65.0"/>
  </properties>
  <testcase name="divideByZero" classname="calc.TestNGCalculatorTest" time="0.002">
    <system-err><![CDATA[SLF4J: Failed to load class "org.slf4j.impl.StaticLoggerBinder".
SLF4J: Defaulting to no-operation (NOP) logger implementation
SLF4J: See http://www.slf4j.org/codes.html#StaticLoggerBinder for further details.
]]></system-err>
  </testcase>
  <testcase name="dotResultAfterDivide" classname="calc.TestNGCalculatorTest" time="0.002"/>
  <testcase name="negativeDividePositive" classname="calc.TestNGCalculatorTest" time="0.0"/>
  <testcase name="negativeMultiplyPositive" classname="calc.TestNGCalculatorTest" time="0.0"/>
  <testcase name="negativeNumsSubtract" classname="calc.TestNGCalculatorTest" time="0.0"/>
  <testcase name="negativeNumsSum" classname="calc.TestNGCalculatorTest" time="0.0"/>
  <testcase name="positiveDivideNegative" classname="calc.TestNGCalculatorTest" time="0.0"/>
  <testcase name="positiveMultiplyNegative" classname="calc.TestNGCalculatorTest" time="0.0"/>
  <testcase name="positiveNumsDivide" classname="calc.TestNGCalculatorTest" time="0.0"/>
  <testcase name="positiveNumsMultiply" classname="calc.TestNGCalculatorTest" time="0.0"/>
  <testcase name="positiveNumsSubtract" classname="calc.TestNGCalculatorTest" time="0.001"/>
  <testcase name="positiveNumsSum" classname="calc.TestNGCalculatorTest" time="0.0"/>
  <testcase name="checkConsoleText" classname="calc.TestNGEvenOddCheckerTest" time="0.001"/>
  <testcase name="checkEvenConsoleText" classname="calc.TestNGEvenOddCheckerTest" time="0.001"/>
  <testcase name="checkOddConsoleText" classname="calc.TestNGEvenOddCheckerTest" time="0.0"/>
  <testcase name="evenCheck" classname="calc.TestNGEvenOddCheckerTest" time="0.0"/>
  <testcase name="oddCheck" classname="calc.TestNGEvenOddCheckerTest" time="0.0"/>
  <testcase name="getAreaWithDoubleNums" classname="calc.TestNGRectangleTest" time="0.0"/>
  <testcase name="getAreaWithFirsNegativeNum" classname="calc.TestNGRectangleTest" time="0.001"/>
  <testcase name="getAreaWithNegativeNums" classname="calc.TestNGRectangleTest" time="0.0"/>
  <testcase name="getAreaWithPositiveNums" classname="calc.TestNGRectangleTest" time="0.001"/>
  <testcase name="getAreaWithSecondNegativeNum" classname="calc.TestNGRectangleTest" time="0.0"/>
  <testcase name="getAreaWithZeroNums" classname="calc.TestNGRectangleTest" time="0.001"/>
  <testcase name="getDoubleLength" classname="calc.TestNGRectangleTest" time="0.0"/>
  <testcase name="getDoubleWidth" classname="calc.TestNGRectangleTest" time="0.001"/>
  <testcase name="getNegativeLength" classname="calc.TestNGRectangleTest" time="0.0"/>
  <testcase name="getNegativeWidth" classname="calc.TestNGRectangleTest" time="0.0"/>
  <testcase name="getPositiveLength" classname="calc.TestNGRectangleTest" time="0.0"/>
  <testcase name="getPositiveWidth" classname="calc.TestNGRectangleTest" time="0.0"/>
  <testcase name="setDoubleLength" classname="calc.TestNGRectangleTest" time="0.0"/>
  <testcase name="setDoubleWidth" classname="calc.TestNGRectangleTest" time="0.0"/>
  <testcase name="setNegativeLength" classname="calc.TestNGRectangleTest" time="0.0"/>
  <testcase name="setNegativeWidth" classname="calc.TestNGRectangleTest" time="0.0"/>
  <testcase name="setPositiveLength" classname="calc.TestNGRectangleTest" time="0.001"/>
  <testcase name="setPositiveWidth" classname="calc.TestNGRectangleTest" time="0.0"/>
  <testcase name="setZeroLength" classname="calc.TestNGRectangleTest" time="0.0"/>
  <testcase name="setZeroWidth" classname="calc.TestNGRectangleTest" time="0.0"/>
  <testcase name="skillTestAQA[0](1)" classname="people.TestNGgetSkillTest" time="0.0"/>
  <testcase name="skillTestAQA[7](2)" classname="people.TestNGgetSkillTest" time="0.0"/>
  <testcase name="skillTestQA[0](1)" classname="people.TestNGgetSkillTest" time="0.0"/>
  <testcase name="skillTestQA[7](2)" classname="people.TestNGgetSkillTest" time="0.0"/>
  <testcase name="setNotRelevantAgeToConstructorAQA[66](1)" classname="people.TestNGnotRelevantAgeTest" time="0.001"/>
  <testcase name="setNotRelevantAgeToConstructorAQA[17](2)" classname="people.TestNGnotRelevantAgeTest" time="0.0"/>
  <testcase name="setNotRelevantAgeToConstructorAQA[-20](3)" classname="people.TestNGnotRelevantAgeTest" time="0.0"/>
  <testcase name="setNotRelevantAgeToConstructorQA[66](1)" classname="people.TestNGnotRelevantAgeTest" time="0.001"/>
  <testcase name="setNotRelevantAgeToConstructorQA[17](2)" classname="people.TestNGnotRelevantAgeTest" time="0.0"/>
  <testcase name="setNotRelevantAgeToConstructorQA[-20](3)" classname="people.TestNGnotRelevantAgeTest" time="0.0"/>
  <testcase name="setNotRelevantAgeToSetterAQA[66](1)" classname="people.TestNGnotRelevantAgeTest" time="0.0"/>
  <testcase name="setNotRelevantAgeToSetterAQA[17](2)" classname="people.TestNGnotRelevantAgeTest" time="0.0"/>
  <testcase name="setNotRelevantAgeToSetterAQA[-20](3)" classname="people.TestNGnotRelevantAgeTest" time="0.0"/>
  <testcase name="setNotRelevantAgeToSetterQA[66](1)" classname="people.TestNGnotRelevantAgeTest" time="0.0"/>
  <testcase name="setNotRelevantAgeToSetterQA[17](2)" classname="people.TestNGnotRelevantAgeTest" time="0.0"/>
  <testcase name="setNotRelevantAgeToSetterQA[-20](3)" classname="people.TestNGnotRelevantAgeTest" time="0.0"/>
</testsuite>